生成启动时间为 2019/11/16 21:32:09。
     1>项目“C:\Users\一路初心\Documents\Visual Studio 2013\Projects\井字棋\井字棋\井字棋.vcxproj”在节点 2 上(Build 个目标)。
     1>ClCompile:
         E:\BaiduNetdiskDownload\新建文件夹\VC\bin\CL.exe /c /ZI /nologo /W3 /WX- /sdl /Od /Oy- /D _UNICODE /D UNICODE /Gm /EHsc /RTC1 /MDd /GS /fp:precise /Zc:wchar_t /Zc:forScope /Fo"Debug\\" /Fd"Debug\vc120.pdb" /Gd /TP /analyze- /errorReport:prompt test.cpp
         test.cpp
     1>c:\users\一路初心\documents\visual studio 2013\projects\井字棋\井字棋\test.cpp(12): error C2040: “board”:“int [3][3]”与“std::vector<std::vector<int,std::allocator<_Ty>>,std::allocator<std::vector<_Ty,std::allocator<_Ty>>>>”的间接寻址级别不同
                 with
                 [
                     _Ty=int
                 ]
     1>c:\users\一路初心\documents\visual studio 2013\projects\井字棋\井字棋\test.cpp(14): error C2088: “[”: 对于 class 非法
     1>c:\users\一路初心\documents\visual studio 2013\projects\井字棋\井字棋\test.cpp(16): error C2088: “[”: 对于 class 非法
     1>c:\users\一路初心\documents\visual studio 2013\projects\井字棋\井字棋\test.cpp(18): error C2088: “[”: 对于 class 非法
     1>c:\users\一路初心\documents\visual studio 2013\projects\井字棋\井字棋\test.cpp(21): error C2088: “[”: 对于 class 非法
     1>c:\users\一路初心\documents\visual studio 2013\projects\井字棋\井字棋\test.cpp(23): error C2088: “[”: 对于 class 非法
     1>c:\users\一路初心\documents\visual studio 2013\projects\井字棋\井字棋\test.cpp(25): error C2088: “[”: 对于 class 非法
     1>c:\users\一路初心\documents\visual studio 2013\projects\井字棋\井字棋\test.cpp(28): error C2088: “[”: 对于 class 非法
     1>c:\users\一路初心\documents\visual studio 2013\projects\井字棋\井字棋\test.cpp(31): error C2088: “[”: 对于 class 非法
     1>已完成生成项目“C:\Users\一路初心\Documents\Visual Studio 2013\Projects\井字棋\井字棋\井字棋.vcxproj”(Build 个目标)的操作 - 失败。

生成失败。

已用时间 00:00:00.51
